<?xml version="1.0" encoding="UTF-8"?>
<testsuites name="Mocha Tests" time="7.2430" tests="3" failures="0">
  <testsuite name="Root Suite" timestamp="2022-03-30T14:43:05" tests="0" file="cypress/integration/20220330144243692406.js" time="0.0000" failures="0">
  </testsuite>
  <testsuite name="Window" timestamp="2022-03-30T14:43:05" tests="3" time="7.2430" failures="0">
    <testcase name="Window cy.window() - get the global window object" time="5.3580" classname="cy.window() - get the global window object">
    </testcase>
    <testcase name="Window cy.document() - get the document object" time="1.1120" classname="cy.document() - get the document object">
    </testcase>
    <testcase name="Window cy.title() - get the title" time="0.7730" classname="cy.title() - get the title">
    </testcase>
  </testsuite>
</testsuites>